[ 2018-08-23T23:18:02+08:00 ] ::1 ::1 GET /zlx/public/index.php/api/Index/GetToken?code=001BoZ3h1zar2z0Y0n4h11p04h1BoZ30
[ log ] localhost/zlx/public/index.php/api/Index/GetToken?code=001BoZ3h1zar2z0Y0n4h11p04h1BoZ30 [运行时间：0.223110s][吞吐率：4.48req/s] [内存消耗：1,277.21kb] [文件加载：52]
[ info ] [ LANG ] D:\phpStudy\WWW\zlx\thinkphp\lang\zh-cn.php
[ info ] [ ROUTE ] array (
  'type' => 'module',
  'module' => 
  array (
    0 => 'api',
    1 => 'Index',
    2 => 'GetToken',
  ),
)
[ info ] [ HEADER ] array (
  'connection' => 'close',
  'accept-encoding' => 'gzip, deflate',
  'cookie' => 'PHPSESSID=drpp8n49prnq8p20fjh1g4rgp3',
  'host' => 'localhost',
  'accept' => '*/*',
  'user-agent' => 'PostmanRuntime/7.1.5',
  'postman-token' => 'fd63fc73-5f50-4af5-9162-d42c18f8c91b',
  'cache-control' => 'no-cache',
  'target' => '123456',
  'sign' => 'aJr310UGwrZqn8sOvjE0e/1l6KZEpn8VWlBF1VATx8458aDZqbEfV213eFWQK0fOF4YcwQaOJMPU0tpF0p011g==',
)
[ info ] [ PARAM ] array (
  'code' => '001BoZ3h1zar2z0Y0n4h11p04h1BoZ30',
)
[ info ] [ RUN ] app\api\controller\Index->GetToken[ D:\phpStudy\WWW\zlx\application\api\controller\Index.php ]
[ info ] [ LOG ] INIT File

---------------------------------------------------------------
[ 2018-08-23T23:18:12+08:00 ] ::1 ::1 POST /zlx/public/index.php/api/Index/GetToken?code=001BoZ3h1zar2z0Y0n4h11p04h1BoZ30
[ log ] localhost/zlx/public/index.php/api/Index/GetToken?code=001BoZ3h1zar2z0Y0n4h11p04h1BoZ30 [运行时间：0.217650s][吞吐率：4.59req/s] [内存消耗：1,277.35kb] [文件加载：52]
[ info ] [ LANG ] D:\phpStudy\WWW\zlx\thinkphp\lang\zh-cn.php
[ info ] [ ROUTE ] array (
  'type' => 'module',
  'module' => 
  array (
    0 => 'api',
    1 => 'Index',
    2 => 'GetToken',
  ),
)
[ info ] [ HEADER ] array (
  'connection' => 'close',
  'content-length' => '191',
  'content-type' => 'multipart/form-data; boundary=--------------------------098617896889152760649048',
  'accept-encoding' => 'gzip, deflate',
  'cookie' => 'PHPSESSID=drpp8n49prnq8p20fjh1g4rgp3',
  'host' => 'localhost',
  'accept' => '*/*',
  'user-agent' => 'PostmanRuntime/7.1.5',
  'postman-token' => 'ad5d4db8-57be-47e3-ac6b-89125e96b496',
  'cache-control' => 'no-cache',
  'target' => '123456',
  'sign' => 'aJr310UGwrZqn8sOvjE0e/1l6KZEpn8VWlBF1VATx8458aDZqbEfV213eFWQK0fOF4YcwQaOJMPU0tpF0p011g==',
)
[ info ] [ PARAM ] array (
  'code' => '001BoZ3h1zar2z0Y0n4h11p04h1BoZ30',
)
[ info ] [ RUN ] app\api\controller\Index->GetToken[ D:\phpStudy\WWW\zlx\application\api\controller\Index.php ]
[ info ] [ LOG ] INIT File

---------------------------------------------------------------
[ 2018-08-23T23:19:00+08:00 ] ::1 ::1 GET /zlx/public/index.php/api/Index/GetToken?code=001BoZ3h1zar2z0Y0n4h11p04h1BoZ30
[ log ] localhost/zlx/public/index.php/api/Index/GetToken?code=001BoZ3h1zar2z0Y0n4h11p04h1BoZ30 [运行时间：0.211819s][吞吐率：4.72req/s] [内存消耗：1,277.20kb] [文件加载：52]
[ info ] [ LANG ] D:\phpStudy\WWW\zlx\thinkphp\lang\zh-cn.php
[ info ] [ ROUTE ] array (
  'type' => 'module',
  'module' => 
  array (
    0 => 'api',
    1 => 'Index',
    2 => 'GetToken',
  ),
)
[ info ] [ HEADER ] array (
  'connection' => 'close',
  'accept-encoding' => 'gzip, deflate',
  'cookie' => 'PHPSESSID=drpp8n49prnq8p20fjh1g4rgp3',
  'host' => 'localhost',
  'accept' => '*/*',
  'user-agent' => 'PostmanRuntime/7.1.5',
  'postman-token' => 'a99d24d3-cc80-4cd7-856e-35bc10c594fc',
  'cache-control' => 'no-cache',
  'target' => '123456',
  'sign' => 'aJr310UGwrZqn8sOvjE0e/1l6KZEpn8VWlBF1VATx8458aDZqbEfV213eFWQK0fOF4YcwQaOJMPU0tpF0p011g==',
)
[ info ] [ PARAM ] array (
  'code' => '001BoZ3h1zar2z0Y0n4h11p04h1BoZ30',
)
[ info ] [ RUN ] app\api\controller\Index->GetToken[ D:\phpStudy\WWW\zlx\application\api\controller\Index.php ]
[ info ] [ LOG ] INIT File

---------------------------------------------------------------
[ 2018-08-23T23:19:45+08:00 ] ::1 ::1 GET /zlx/public/index.php/api/Index/GetToken?code=001BoZ3h1zar2z0Y0n4h11p04h1BoZ30
[ log ] localhost/zlx/public/index.php/api/Index/GetToken?code=001BoZ3h1zar2z0Y0n4h11p04h1BoZ30 [运行时间：0.197674s][吞吐率：5.06req/s] [内存消耗：1,277.15kb] [文件加载：52]
[ info ] [ LANG ] D:\phpStudy\WWW\zlx\thinkphp\lang\zh-cn.php
[ info ] [ ROUTE ] array (
  'type' => 'module',
  'module' => 
  array (
    0 => 'api',
    1 => 'Index',
    2 => 'GetToken',
  ),
)
[ info ] [ HEADER ] array (
  'connection' => 'close',
  'accept-encoding' => 'gzip, deflate',
  'cookie' => 'PHPSESSID=drpp8n49prnq8p20fjh1g4rgp3',
  'host' => 'localhost',
  'accept' => '*/*',
  'user-agent' => 'PostmanRuntime/7.1.5',
  'postman-token' => '9b3033db-d5f1-4f4a-8c94-82fdc2cf21a2',
  'cache-control' => 'no-cache',
  'target' => '123456',
  'sign' => 'aJr310UGwrZqn8sOvjE0e/1l6KZEpn8VWlBF1VATx8458aDZqbEfV213eFWQK0fOF4YcwQaOJMPU0tpF0p011g==',
)
[ info ] [ PARAM ] array (
  'code' => '001BoZ3h1zar2z0Y0n4h11p04h1BoZ30',
)
[ info ] [ RUN ] app\api\controller\Index->GetToken[ D:\phpStudy\WWW\zlx\application\api\controller\Index.php ]
[ info ] [ LOG ] INIT File

---------------------------------------------------------------
[ 2018-08-23T23:20:50+08:00 ] ::1 ::1 GET /zlx/public/index.php/api/Index/zlxtjw
[ log ] localhost/zlx/public/index.php/api/Index/zlxtjw [运行时间：0.058346s][吞吐率：17.14req/s] [内存消耗：1,773.66kb] [文件加载：54]
[ info ] [ LANG ] D:\phpStudy\WWW\zlx\thinkphp\lang\zh-cn.php
[ info ] [ ROUTE ] array (
  'type' => 'module',
  'module' => 
  array (
    0 => 'api',
    1 => 'Index',
    2 => 'zlxtjw',
  ),
)
[ info ] [ HEADER ] array (
  'connection' => 'close',
  'accept-encoding' => 'gzip, deflate',
  'cookie' => 'PHPSESSID=drpp8n49prnq8p20fjh1g4rgp3',
  'host' => 'localhost',
  'accept' => '*/*',
  'user-agent' => 'PostmanRuntime/7.1.5',
  'postman-token' => 'b3678114-57d8-4aae-82ed-a484bd80cb47',
  'cache-control' => 'no-cache',
  'target' => '123456',
  'sign' => 'aJr310UGwrZqn8sOvjE0e/1l6KZEpn8VWlBF1VATx8458aDZqbEfV213eFWQK0fOF4YcwQaOJMPU0tpF0p011g==',
)
[ info ] [ PARAM ] array (
)
[ info ] [ RUN ] app\api\controller\Index->zlxtjw[ D:\phpStudy\WWW\zlx\application\api\controller\Index.php ]
[ info ] [ DB ] INIT mysql
[ info ] [ LOG ] INIT File
[ sql ] [ DB ] CONNECT:[ UseTime:0.011906s ] mysql:dbname=tpadmin;host=127.0.0.1;charset=utf8
[ sql ] [ SQL ] SHOW COLUMNS FROM `tp_zlxcpgl` [ RunTime:0.009807s ]
[ sql ] [ SQL ] SELECT * FROM `tp_zlxcpgl` ORDER BY id desc LIMIT 6 [ RunTime:0.000625s ]

---------------------------------------------------------------
[ 2018-08-23T23:21:27+08:00 ] ::1 ::1 GET /zlx/public/index.php/api/Index/GetToken?code=001BoZ3h1zar2z0Y0n4h11p04h1BoZ30
[ log ] localhost/zlx/public/index.php/api/Index/GetToken?code=001BoZ3h1zar2z0Y0n4h11p04h1BoZ30 [运行时间：0.297109s][吞吐率：3.37req/s] [内存消耗：1,277.10kb] [文件加载：52]
[ info ] [ LANG ] D:\phpStudy\WWW\zlx\thinkphp\lang\zh-cn.php
[ info ] [ ROUTE ] array (
  'type' => 'module',
  'module' => 
  array (
    0 => 'api',
    1 => 'Index',
    2 => 'GetToken',
  ),
)
[ info ] [ HEADER ] array (
  'connection' => 'close',
  'accept-encoding' => 'gzip, deflate',
  'cookie' => 'PHPSESSID=drpp8n49prnq8p20fjh1g4rgp3',
  'host' => 'localhost',
  'accept' => '*/*',
  'user-agent' => 'PostmanRuntime/7.1.5',
  'postman-token' => '7850229d-72ff-4f34-80d1-c2854924088a',
  'cache-control' => 'no-cache',
  'target' => '123456',
  'sign' => 'aJr310UGwrZqn8sOvjE0e/1l6KZEpn8VWlBF1VATx8458aDZqbEfV213eFWQK0fOF4YcwQaOJMPU0tpF0p011g==',
)
[ info ] [ PARAM ] array (
  'code' => '001BoZ3h1zar2z0Y0n4h11p04h1BoZ30',
)
[ info ] [ RUN ] app\api\controller\Index->GetToken[ D:\phpStudy\WWW\zlx\application\api\controller\Index.php ]
[ info ] [ LOG ] INIT File

---------------------------------------------------------------
[ 2018-08-23T23:21:40+08:00 ] ::1 ::1 GET /zlx/public/index.php/api/Index/GetToken?code=001BoZ3h1zar2z0Y0n4h11p04h1BoZ30
[ log ] localhost/zlx/public/index.php/api/Index/GetToken?code=001BoZ3h1zar2z0Y0n4h11p04h1BoZ30 [运行时间：0.306577s][吞吐率：3.26req/s] [内存消耗：1,277.20kb] [文件加载：52]
[ info ] [ LANG ] D:\phpStudy\WWW\zlx\thinkphp\lang\zh-cn.php
[ info ] [ ROUTE ] array (
  'type' => 'module',
  'module' => 
  array (
    0 => 'api',
    1 => 'Index',
    2 => 'GetToken',
  ),
)
[ info ] [ HEADER ] array (
  'connection' => 'close',
  'accept-encoding' => 'gzip, deflate',
  'cookie' => 'PHPSESSID=drpp8n49prnq8p20fjh1g4rgp3',
  'host' => 'localhost',
  'accept' => '*/*',
  'user-agent' => 'PostmanRuntime/7.1.5',
  'postman-token' => 'f0820d0b-0d7f-417d-bb58-0062b2d5642a',
  'cache-control' => 'no-cache',
  'target' => '123456',
  'sign' => 'aJr310UGwrZqn8sOvjE0e/1l6KZEpn8VWlBF1VATx8458aDZqbEfV213eFWQK0fOF4YcwQaOJMPU0tpF0p011g==',
)
[ info ] [ PARAM ] array (
  'code' => '001BoZ3h1zar2z0Y0n4h11p04h1BoZ30',
)
[ info ] [ RUN ] app\api\controller\Index->GetToken[ D:\phpStudy\WWW\zlx\application\api\controller\Index.php ]
[ info ] [ LOG ] INIT File

---------------------------------------------------------------
[ 2018-08-23T23:22:15+08:00 ] ::1 ::1 GET /zlx/public/index.php/api/Index/GetToken?code=001BoZ3h1zar2z0Y0n4h11p04h1BoZ30
[ log ] localhost/zlx/public/index.php/api/Index/GetToken?code=001BoZ3h1zar2z0Y0n4h11p04h1BoZ30 [运行时间：0.524620s][吞吐率：1.91req/s] [内存消耗：1,277.08kb] [文件加载：52]
[ info ] [ LANG ] D:\phpStudy\WWW\zlx\thinkphp\lang\zh-cn.php
[ info ] [ ROUTE ] array (
  'type' => 'module',
  'module' => 
  array (
    0 => 'api',
    1 => 'Index',
    2 => 'GetToken',
  ),
)
[ info ] [ HEADER ] array (
  'connection' => 'close',
  'accept-encoding' => 'gzip, deflate',
  'cookie' => 'PHPSESSID=drpp8n49prnq8p20fjh1g4rgp3',
  'host' => 'localhost',
  'accept' => '*/*',
  'user-agent' => 'PostmanRuntime/7.1.5',
  'postman-token' => '713d0e9e-2697-48f5-bf33-d5223c29d6ef',
  'cache-control' => 'no-cache',
  'target' => '123456',
  'sign' => 'aJr310UGwrZqn8sOvjE0e/1l6KZEpn8VWlBF1VATx8458aDZqbEfV213eFWQK0fOF4YcwQaOJMPU0tpF0p011g==',
)
[ info ] [ PARAM ] array (
  'code' => '001BoZ3h1zar2z0Y0n4h11p04h1BoZ30',
)
[ info ] [ RUN ] app\api\controller\Index->GetToken[ D:\phpStudy\WWW\zlx\application\api\controller\Index.php ]
[ info ] [ LOG ] INIT File

---------------------------------------------------------------
[ 2018-08-23T23:22:56+08:00 ] ::1 ::1 GET /zlx/public/index.php/api/Index/GetToken?code=001BoZ3h1zar2z0Y0n4h11p04h1BoZ30
[ log ] localhost/zlx/public/index.php/api/Index/GetToken?code=001BoZ3h1zar2z0Y0n4h11p04h1BoZ30 [运行时间：0.197996s][吞吐率：5.05req/s] [内存消耗：1,277.10kb] [文件加载：52]
[ info ] [ LANG ] D:\phpStudy\WWW\zlx\thinkphp\lang\zh-cn.php
[ info ] [ ROUTE ] array (
  'type' => 'module',
  'module' => 
  array (
    0 => 'api',
    1 => 'Index',
    2 => 'GetToken',
  ),
)
[ info ] [ HEADER ] array (
  'connection' => 'close',
  'accept-encoding' => 'gzip, deflate',
  'cookie' => 'PHPSESSID=drpp8n49prnq8p20fjh1g4rgp3',
  'host' => 'localhost',
  'accept' => '*/*',
  'user-agent' => 'PostmanRuntime/7.1.5',
  'postman-token' => 'd3473bf9-ffee-412d-a41c-6ee5dc71c0ec',
  'cache-control' => 'no-cache',
  'target' => '123456',
  'sign' => 'aJr310UGwrZqn8sOvjE0e/1l6KZEpn8VWlBF1VATx8458aDZqbEfV213eFWQK0fOF4YcwQaOJMPU0tpF0p011g==',
)
[ info ] [ PARAM ] array (
  'code' => '001BoZ3h1zar2z0Y0n4h11p04h1BoZ30',
)
[ info ] [ RUN ] app\api\controller\Index->GetToken[ D:\phpStudy\WWW\zlx\application\api\controller\Index.php ]
[ info ] [ LOG ] INIT File

---------------------------------------------------------------
[ 2018-08-23T23:23:35+08:00 ] ::1 ::1 GET /zlx/public/index.php/api/Index/GetToken?code=001BoZ3h1zar2z0Y0n4h11p04h1BoZ30
[ log ] localhost/zlx/public/index.php/api/Index/GetToken?code=001BoZ3h1zar2z0Y0n4h11p04h1BoZ30 [运行时间：0.189990s][吞吐率：5.26req/s] [内存消耗：1,277.48kb] [文件加载：52]
[ info ] [ LANG ] D:\phpStudy\WWW\zlx\thinkphp\lang\zh-cn.php
[ info ] [ ROUTE ] array (
  'type' => 'module',
  'module' => 
  array (
    0 => 'api',
    1 => 'Index',
    2 => 'GetToken',
  ),
)
[ info ] [ HEADER ] array (
  'connection' => 'close',
  'accept-encoding' => 'gzip, deflate',
  'cookie' => 'PHPSESSID=drpp8n49prnq8p20fjh1g4rgp3',
  'host' => 'localhost',
  'accept' => '*/*',
  'user-agent' => 'PostmanRuntime/7.1.5',
  'postman-token' => '4966008b-e61c-40b5-9398-8b85eab9f906',
  'cache-control' => 'no-cache',
  'target' => '123456',
  'sign' => 'aJr310UGwrZqn8sOvjE0e/1l6KZEpn8VWlBF1VATx8458aDZqbEfV213eFWQK0fOF4YcwQaOJMPU0tpF0p011g==',
)
[ info ] [ PARAM ] array (
  'code' => '001BoZ3h1zar2z0Y0n4h11p04h1BoZ30',
)
[ info ] [ RUN ] app\api\controller\Index->GetToken[ D:\phpStudy\WWW\zlx\application\api\controller\Index.php ]
[ info ] [ LOG ] INIT File

---------------------------------------------------------------
[ 2018-08-23T23:24:51+08:00 ] ::1 ::1 GET /zlx/public/index.php/api/Index/GetToken?code=001BoZ3h1zar2z0Y0n4h11p04h1BoZ30
[ log ] localhost/zlx/public/index.php/api/Index/GetToken?code=001BoZ3h1zar2z0Y0n4h11p04h1BoZ30 [运行时间：0.253858s][吞吐率：3.94req/s] [内存消耗：1,277.23kb] [文件加载：52]
[ info ] [ LANG ] D:\phpStudy\WWW\zlx\thinkphp\lang\zh-cn.php
[ info ] [ ROUTE ] array (
  'type' => 'module',
  'module' => 
  array (
    0 => 'api',
    1 => 'Index',
    2 => 'GetToken',
  ),
)
[ info ] [ HEADER ] array (
  'connection' => 'close',
  'accept-encoding' => 'gzip, deflate',
  'cookie' => 'PHPSESSID=drpp8n49prnq8p20fjh1g4rgp3',
  'host' => 'localhost',
  'accept' => '*/*',
  'user-agent' => 'PostmanRuntime/7.1.5',
  'postman-token' => '8dc8c3d8-56de-4fb9-b447-c39ccd9f3a4f',
  'cache-control' => 'no-cache',
  'target' => '123456',
  'sign' => 'aJr310UGwrZqn8sOvjE0e/1l6KZEpn8VWlBF1VATx8458aDZqbEfV213eFWQK0fOF4YcwQaOJMPU0tpF0p011g==',
)
[ info ] [ PARAM ] array (
  'code' => '001BoZ3h1zar2z0Y0n4h11p04h1BoZ30',
)
[ info ] [ RUN ] app\api\controller\Index->GetToken[ D:\phpStudy\WWW\zlx\application\api\controller\Index.php ]
[ info ] [ LOG ] INIT File

---------------------------------------------------------------
[ 2018-08-23T23:25:07+08:00 ] ::1 ::1 GET /zlx/public/index.php/api/Index/GetToken?code=001BoZ3h1zar2z0Y0n4h11p04h1BoZ30
[ log ] localhost/zlx/public/index.php/api/Index/GetToken?code=001BoZ3h1zar2z0Y0n4h11p04h1BoZ30 [运行时间：0.242643s][吞吐率：4.12req/s] [内存消耗：1,270.01kb] [文件加载：51]
[ info ] [ LANG ] D:\phpStudy\WWW\zlx\thinkphp\lang\zh-cn.php
[ info ] [ ROUTE ] array (
  'type' => 'module',
  'module' => 
  array (
    0 => 'api',
    1 => 'Index',
    2 => 'GetToken',
  ),
)
[ info ] [ HEADER ] array (
  'connection' => 'close',
  'accept-encoding' => 'gzip, deflate',
  'cookie' => 'PHPSESSID=drpp8n49prnq8p20fjh1g4rgp3',
  'host' => 'localhost',
  'accept' => '*/*',
  'user-agent' => 'PostmanRuntime/7.1.5',
  'postman-token' => '04c32c09-953c-4fc7-a18b-f393fdf9ab5d',
  'cache-control' => 'no-cache',
  'target' => '123456',
  'sign' => 'aJr310UGwrZqn8sOvjE0e/1l6KZEpn8VWlBF1VATx8458aDZqbEfV213eFWQK0fOF4YcwQaOJMPU0tpF0p011g==',
)
[ info ] [ PARAM ] array (
  'code' => '001BoZ3h1zar2z0Y0n4h11p04h1BoZ30',
)
[ info ] [ RUN ] app\api\controller\Index->GetToken[ D:\phpStudy\WWW\zlx\application\api\controller\Index.php ]
[ info ] [ LOG ] INIT File

---------------------------------------------------------------
[ 2018-08-23T23:25:26+08:00 ] ::1 ::1 GET /zlx/public/index.php/api/Index/GetToken?code=001BoZ3h1zar2z0Y0n4h11p04h1BoZ30
[ log ] localhost/zlx/public/index.php/api/Index/GetToken?code=001BoZ3h1zar2z0Y0n4h11p04h1BoZ30 [运行时间：0.208236s][吞吐率：4.80req/s] [内存消耗：1,270.01kb] [文件加载：51]
[ info ] [ LANG ] D:\phpStudy\WWW\zlx\thinkphp\lang\zh-cn.php
[ info ] [ ROUTE ] array (
  'type' => 'module',
  'module' => 
  array (
    0 => 'api',
    1 => 'Index',
    2 => 'GetToken',
  ),
)
[ info ] [ HEADER ] array (
  'connection' => 'close',
  'accept-encoding' => 'gzip, deflate',
  'cookie' => 'PHPSESSID=drpp8n49prnq8p20fjh1g4rgp3',
  'host' => 'localhost',
  'accept' => '*/*',
  'user-agent' => 'PostmanRuntime/7.1.5',
  'postman-token' => '1836300d-5838-4fc5-80d5-43a8c5acee17',
  'cache-control' => 'no-cache',
  'target' => '123456',
  'sign' => 'aJr310UGwrZqn8sOvjE0e/1l6KZEpn8VWlBF1VATx8458aDZqbEfV213eFWQK0fOF4YcwQaOJMPU0tpF0p011g==',
)
[ info ] [ PARAM ] array (
  'code' => '001BoZ3h1zar2z0Y0n4h11p04h1BoZ30',
)
[ info ] [ RUN ] app\api\controller\Index->GetToken[ D:\phpStudy\WWW\zlx\application\api\controller\Index.php ]
[ info ] [ LOG ] INIT File

---------------------------------------------------------------
[ 2018-08-23T23:25:54+08:00 ] ::1 ::1 GET /zlx/public/index.php/api/Index/GetToken?code=001BoZ3h1zar2z0Y0n4h11p04h1BoZ30
[ log ] localhost/zlx/public/index.php/api/Index/GetToken?code=001BoZ3h1zar2z0Y0n4h11p04h1BoZ30 [运行时间：0.201094s][吞吐率：4.97req/s] [内存消耗：1,277.20kb] [文件加载：52]
[ info ] [ LANG ] D:\phpStudy\WWW\zlx\thinkphp\lang\zh-cn.php
[ info ] [ ROUTE ] array (
  'type' => 'module',
  'module' => 
  array (
    0 => 'api',
    1 => 'Index',
    2 => 'GetToken',
  ),
)
[ info ] [ HEADER ] array (
  'connection' => 'close',
  'accept-encoding' => 'gzip, deflate',
  'cookie' => 'PHPSESSID=drpp8n49prnq8p20fjh1g4rgp3',
  'host' => 'localhost',
  'accept' => '*/*',
  'user-agent' => 'PostmanRuntime/7.1.5',
  'postman-token' => '9d82e7f4-3361-4617-b451-3493ed317ea7',
  'cache-control' => 'no-cache',
  'target' => '123456',
  'sign' => 'aJr310UGwrZqn8sOvjE0e/1l6KZEpn8VWlBF1VATx8458aDZqbEfV213eFWQK0fOF4YcwQaOJMPU0tpF0p011g==',
)
[ info ] [ PARAM ] array (
  'code' => '001BoZ3h1zar2z0Y0n4h11p04h1BoZ30',
)
[ info ] [ RUN ] app\api\controller\Index->GetToken[ D:\phpStudy\WWW\zlx\application\api\controller\Index.php ]
[ info ] [ LOG ] INIT File

---------------------------------------------------------------
[ 2018-08-23T23:26:59+08:00 ] ::1 ::1 GET /zlx/public/index.php/api/Index/GetToken?code=001BoZ3h1zar2z0Y0n4h11p04h1BoZ30
[ log ] localhost/zlx/public/index.php/api/Index/GetToken?code=001BoZ3h1zar2z0Y0n4h11p04h1BoZ30 [运行时间：0.210734s][吞吐率：4.75req/s] [内存消耗：1,277.26kb] [文件加载：52]
[ info ] [ LANG ] D:\phpStudy\WWW\zlx\thinkphp\lang\zh-cn.php
[ info ] [ ROUTE ] array (
  'type' => 'module',
  'module' => 
  array (
    0 => 'api',
    1 => 'Index',
    2 => 'GetToken',
  ),
)
[ info ] [ HEADER ] array (
  'connection' => 'close',
  'accept-encoding' => 'gzip, deflate',
  'cookie' => 'PHPSESSID=drpp8n49prnq8p20fjh1g4rgp3',
  'host' => 'localhost',
  'accept' => '*/*',
  'user-agent' => 'PostmanRuntime/7.1.5',
  'postman-token' => '60e1d4e3-eaf5-4bcd-bb1a-fbd30b1f814e',
  'cache-control' => 'no-cache',
  'target' => '123456',
  'sign' => 'aJr310UGwrZqn8sOvjE0e/1l6KZEpn8VWlBF1VATx8458aDZqbEfV213eFWQK0fOF4YcwQaOJMPU0tpF0p011g==',
)
[ info ] [ PARAM ] array (
  'code' => '001BoZ3h1zar2z0Y0n4h11p04h1BoZ30',
)
[ info ] [ RUN ] app\api\controller\Index->GetToken[ D:\phpStudy\WWW\zlx\application\api\controller\Index.php ]
[ info ] [ LOG ] INIT File

---------------------------------------------------------------
[ 2018-08-23T23:27:59+08:00 ] ::1 ::1 GET /zlx/public/index.php/api/Index/GetToken?code=001BoZ3h1zar2z0Y0n4h11p04h1BoZ30
[ log ] localhost/zlx/public/index.php/api/Index/GetToken?code=001BoZ3h1zar2z0Y0n4h11p04h1BoZ30 [运行时间：1.335222s][吞吐率：0.75req/s] [内存消耗：1,225.01kb] [文件加载：49]
[ info ] [ LANG ] D:\phpStudy\WWW\zlx\thinkphp\lang\zh-cn.php
[ info ] [ ROUTE ] array (
  'type' => 'module',
  'module' => 
  array (
    0 => 'api',
    1 => 'Index',
    2 => 'GetToken',
  ),
)
[ info ] [ HEADER ] array (
  'connection' => 'close',
  'accept-encoding' => 'gzip, deflate',
  'cookie' => 'PHPSESSID=drpp8n49prnq8p20fjh1g4rgp3',
  'host' => 'localhost',
  'accept' => '*/*',
  'user-agent' => 'PostmanRuntime/7.1.5',
  'postman-token' => 'eb07e7ea-1e6b-466f-8550-5e538cb683b9',
  'cache-control' => 'no-cache',
  'target' => '123456',
  'sign' => 'aJr310UGwrZqn8sOvjE0e/1l6KZEpn8VWlBF1VATx8458aDZqbEfV213eFWQK0fOF4YcwQaOJMPU0tpF0p011g==',
)
[ info ] [ PARAM ] array (
  'code' => '001BoZ3h1zar2z0Y0n4h11p04h1BoZ30',
)
[ info ] [ RUN ] app\api\controller\Index->GetToken[ D:\phpStudy\WWW\zlx\application\api\controller\Index.php ]
[ info ] [ LOG ] INIT File

---------------------------------------------------------------
